0 info it worked if it ends with ok
1 verbose cli [ '/usr/bin/node', '/usr/bin/npm', 'run', 'dev' ]
2 info using npm@3.5.2
3 info using node@v10.19.0
4 verbose run-script [ 'predev', 'dev', 'postdev' ]
5 info lifecycle unmute@0.1.0~predev: unmute@0.1.0
6 silly lifecycle unmute@0.1.0~predev: no script for predev, continuing
7 info lifecycle unmute@0.1.0~dev: unmute@0.1.0
8 verbose lifecycle unmute@0.1.0~dev: unsafe-perm in lifecycle true
9 verbose lifecycle unmute@0.1.0~dev: PATH: /usr/share/npm/bin/node-gyp-bin:/home/theodore/Documents/hackathon/unmute/node_modules/.bin:/home/theodore/Documents/flutter/bin:/home/theodore/Documents/flutter/bin:/user/bin/npm:/usr/bin/npm:/usr/bin:/usr/local/bin
10 verbose lifecycle unmute@0.1.0~dev: CWD: /home/theodore/Documents/hackathon/unmute
11 silly lifecycle unmute@0.1.0~dev: Args: [ '-c', 'next dev' ]
12 info lifecycle unmute@0.1.0~dev: Failed to exec dev script
13 verbose stack Error: unmute@0.1.0 dev: `next dev`
13 verbose stack spawn sh ENOENT
13 verbose stack     at Process.ChildProcess._handle.onexit (internal/child_process.js:240:19)
13 verbose stack     at onErrorNT (internal/child_process.js:415:16)
13 verbose stack     at process._tickCallback (internal/process/next_tick.js:63:19)
14 verbose pkgid unmute@0.1.0
15 verbose cwd /home/theodore/Documents/hackathon/unmute
16 error Linux 5.3.0-61-generic
17 error argv "/usr/bin/node" "/usr/bin/npm" "run" "dev"
18 error node v10.19.0
19 error npm  v3.5.2
20 error file sh
21 error path sh
22 error code ELIFECYCLE
23 error errno ENOENT
24 error syscall spawn sh
25 error unmute@0.1.0 dev: `next dev`
25 error spawn sh ENOENT
26 error Failed at the unmute@0.1.0 dev script 'next dev'.
26 error Make sure you have the latest version of node.js and npm installed.
26 error If you do, this is most likely a problem with the unmute package,
26 error not with npm itself.
26 error Tell the author that this fails on your system:
26 error     next dev
26 error You can get information on how to open an issue for this project with:
26 error     npm bugs unmute
26 error Or if that isn't available, you can get their info via:
26 error     npm owner ls unmute
26 error There is likely additional logging output above.
27 verbose exit [ 1, true ]
